Determining if the pthread_create exist failed with the following output:
Change Dir: /home/ubuntu/embedded_system_ex/catkin_ws/build/catkin_tools_prebuild/CMakeFiles/CMakeTmp

Run Build Command:"/usr/bin/make" "cmTC_925d0/fast"
/usr/bin/make -f CMakeFiles/cmTC_925d0.dir/build.make CMakeFiles/cmTC_925d0.dir/build
make[1]: Entering directory '/home/ubuntu/embedded_system_ex/catkin_ws/build/catkin_tools_prebuild/CMakeFiles/CMakeTmp'
Building C object CMakeFiles/cmTC_925d0.dir/CheckSymbolExists.c.o
/usr/lib/ccache/cc    -o CMakeFiles/cmTC_925d0.dir/CheckSymbolExists.c.o   -c /home/ubuntu/embedded_system_ex/catkin_ws/build/catkin_tools_prebuild/CMakeFiles/CMakeTmp/CheckSymbolExists.c
Linking C executable cmTC_925d0
/usr/bin/cmake -E cmake_link_script CMakeFiles/cmTC_925d0.dir/link.txt --verbose=1
/usr/lib/ccache/cc      -rdynamic CMakeFiles/cmTC_925d0.dir/CheckSymbolExists.c.o  -o cmTC_925d0 
CMakeFiles/cmTC_925d0.dir/CheckSymbolExists.c.o: In function `main':
CheckSymbolExists.c:(.text+0x1b): undefined reference to `pthread_create'
collect2: error: ld returned 1 exit status
CMakeFiles/cmTC_925d0.dir/build.make:97: recipe for target 'cmTC_925d0' failed
make[1]: *** [cmTC_925d0] Error 1
make[1]: Leaving directory '/home/ubuntu/embedded_system_ex/catkin_ws/build/catkin_tools_prebuild/CMakeFiles/CMakeTmp'
Makefile:126: recipe for target 'cmTC_925d0/fast' failed
make: *** [cmTC_925d0/fast] Error 2

File /home/ubuntu/embedded_system_ex/catkin_ws/build/catkin_tools_prebuild/CMakeFiles/CMakeTmp/CheckSymbolExists.c:
/* */
#include <pthread.h>

int main(int argc, char** argv)
{
  (void)argv;
#ifndef pthread_create
  return ((int*)(&pthread_create))[argc];
#else
  (void)argc;
  return 0;
#endif
}

Determining if the function pthread_create exists in the pthreads failed with the following output:
Change Dir: /home/ubuntu/embedded_system_ex/catkin_ws/build/catkin_tools_prebuild/CMakeFiles/CMakeTmp

Run Build Command:"/usr/bin/make" "cmTC_513b8/fast"
/usr/bin/make -f CMakeFiles/cmTC_513b8.dir/build.make CMakeFiles/cmTC_513b8.dir/build
make[1]: Entering directory '/home/ubuntu/embedded_system_ex/catkin_ws/build/catkin_tools_prebuild/CMakeFiles/CMakeTmp'
Building C object CMakeFiles/cmTC_513b8.dir/CheckFunctionExists.c.o
/usr/lib/ccache/cc   -DCHECK_FUNCTION_EXISTS=pthread_create   -o CMakeFiles/cmTC_513b8.dir/CheckFunctionExists.c.o   -c /usr/share/cmake-3.10/Modules/CheckFunctionExists.c
Linking C executable cmTC_513b8
/usr/bin/cmake -E cmake_link_script CMakeFiles/cmTC_513b8.dir/link.txt --verbose=1
/usr/lib/ccache/cc  -DCHECK_FUNCTION_EXISTS=pthread_create    -rdynamic CMakeFiles/cmTC_513b8.dir/CheckFunctionExists.c.o  -o cmTC_513b8 -lpthreads 
/usr/bin/ld: cannot find -lpthreads
collect2: error: ld returned 1 exit status
CMakeFiles/cmTC_513b8.dir/build.make:97: recipe for target 'cmTC_513b8' failed
make[1]: *** [cmTC_513b8] Error 1
make[1]: Leaving directory '/home/ubuntu/embedded_system_ex/catkin_ws/build/catkin_tools_prebuild/CMakeFiles/CMakeTmp'
Makefile:126: recipe for target 'cmTC_513b8/fast' failed
make: *** [cmTC_513b8/fast] Error 2


